In file included from [01m[K/home/cthornton/data/local/college/research/arl/code/sims/airsim/catkin_ws/src/airsim_ros_pkgs/src/airsim_ros_wrapper.cpp:1[m[K:
[01m[K/home/cthornton/data/local/college/research/arl/code/sims/airsim/catkin_ws/src/airsim_ros_pkgs/include/airsim_ros_wrapper.h:121:25:[m[K [01;31m[Kerror: [m[Kâ€˜[01m[Ke[m[Kâ€™ does not name a type
     double r,p,y,thrott;[01;31m[Ke[m[K;
                         [01;31m[K^[m[K
[01m[K/home/cthornton/data/local/college/research/arl/code/sims/airsim/catkin_ws/src/airsim_ros_pkgs/include/airsim_ros_wrapper.h:123:2:[m[K [01;31m[Kerror: [m[Kexpected â€˜[01m[K;[m[Kâ€™ after struct definition
 }
  [01;31m[K^[m[K
  [32m[K;[m[K
[01m[K/home/cthornton/data/local/college/research/arl/code/sims/airsim/catkin_ws/src/airsim_ros_pkgs/src/airsim_ros_wrapper.cpp:[m[K In member function â€˜[01m[Kvoid AirsimROSWrapper::create_ros_pubs_from_settings_json()[m[Kâ€™:
[01m[K/home/cthornton/data/local/college/research/arl/code/sims/airsim/catkin_ws/src/airsim_ros_pkgs/src/airsim_ros_wrapper.cpp:172:20:[m[K [01;31m[Kerror: [m[Kâ€˜[01m[Kclass AirsimROSWrapper::MultiRotorROS[m[Kâ€™ has no member named â€˜[01m[Kangle_throttle_cmd_sub[m[Kâ€™; did you mean â€˜[01m[Kangle_throttle_cmd[m[Kâ€™?
             drone->[01;31m[Kangle_throttle_cmd_sub[m[K = nh_private_.subscribe<geometry_msgs::TwistStamped>(curr_vehicle_name + "/angle_throttle_cmd", 1,
                    [01;31m[K^~~~~~~~~~~~~~~~~~~~~~[m[K
                    [32m[Kangle_throttle_cmd[m[K
[01m[K/home/cthornton/data/local/college/research/arl/code/sims/airsim/catkin_ws/src/airsim_ros_pkgs/src/airsim_ros_wrapper.cpp:[m[K At global scope:
[01m[K/home/cthornton/data/local/college/research/arl/code/sims/airsim/catkin_ws/src/airsim_ros_pkgs/src/airsim_ros_wrapper.cpp:520:22:[m[K [01;31m[Kerror: [m[Kexpected initializer before â€˜[01m[K:[m[Kâ€™ token
 void AirsimROSWrapper[01;31m[K:[m[Kangle_throttle_cmd_cb(const geometry_msgs::TwistStamped::ConstPtr& msg, const std::string& vehicle_name) {
                      [01;31m[K^[m[K
[01m[K/home/cthornton/data/local/college/research/arl/code/sims/airsim/catkin_ws/src/airsim_ros_pkgs/src/airsim_ros_wrapper.cpp:[m[K In member function â€˜[01m[Kvoid AirsimROSWrapper::update_commands()[m[Kâ€™:
[01m[K/home/cthornton/data/local/college/research/arl/code/sims/airsim/catkin_ws/src/airsim_ros_pkgs/src/airsim_ros_wrapper.cpp:1264:47:[m[K [01;31m[Kerror: [m[Kâ€˜[01m[Kstruct AngleThrottleCmd[m[Kâ€™ has no member named â€˜[01m[Kthrottle[m[Kâ€™; did you mean â€˜[01m[Kthrott[m[Kâ€™?
                     drone->angle_throttle_cmd.[01;31m[Kthrottle[m[K, vel_cmd_duration_, drone->vehicle_name);
                                               [01;31m[K^~~~~~~~[m[K
                                               [32m[Kthrott[m[K
make[2]: *** [CMakeFiles/airsim_ros.dir/build.make:76: CMakeFiles/airsim_ros.dir/src/airsim_ros_wrapper.cpp.o] Error 1
make[1]: *** [CMakeFiles/Makefile2:2860: CMakeFiles/airsim_ros.dir/all] Error 2
make: *** [Makefile:146: all] Error 2
